
*** Running vivado
    with args -log design_1_wrapper.vds -m64 -product Vivado -mode batch -messageDb vivado.pb -notrace -source design_1_wrapper.tcl


****** Vivado v2018.2 (64-bit)
  **** SW Build 2258646 on Thu Jun 14 20:03:12 MDT 2018
  **** IP Build 2256618 on Thu Jun 14 22:10:49 MDT 2018
    ** Copyright 1986-2018 Xilinx, Inc. All Rights Reserved.

source design_1_wrapper.tcl -notrace
INFO: [IP_Flow 19-234] Refreshing IP repositories
INFO: [IP_Flow 19-1704] No user IP repositories specified
INFO: [IP_Flow 19-2313] Loaded Vivado IP repository 'C:/Xilinx/Vivado/2018.2/data/ip'.
add_files: Time (s): cpu = 00:00:03 ; elapsed = 00:00:10 . Memory (MB): peak = 347.895 ; gain = 42.117
Command: synth_design -top design_1_wrapper -part xc7z010clg400-1
Starting synth_design
Attempting to get a license for feature 'Synthesis' and/or device 'xc7z010'
INFO: [Common 17-349] Got license for feature 'Synthesis' and/or device 'xc7z010'
INFO: Launching helper process for spawning children vivado processes
INFO: Helper process launched with PID 6280 
---------------------------------------------------------------------------------
Starting RTL Elaboration : Time (s): cpu = 00:00:03 ; elapsed = 00:00:04 . Memory (MB): peak = 451.895 ; gain = 92.531
---------------------------------------------------------------------------------
INFO: [Synth 8-6157] synthesizing module 'design_1_wrapper' [C:/Users/User.1/Desktop/Work/Zybo-Z7-10-HDMI/proj/HSV-RGB/HSV-RGB.srcs/sources_1/bd/design_1/hdl/design_1_wrapper.v:12]
INFO: [Synth 8-6157] synthesizing module 'design_1' [C:/Users/User.1/Desktop/Work/Zybo-Z7-10-HDMI/proj/HSV-RGB/HSV-RGB.srcs/sources_1/bd/design_1/synth/design_1.v:13]
INFO: [Synth 8-6157] synthesizing module 'design_1_BTNs_test_0_2' [C:/Users/User.1/Desktop/Work/Zybo-Z7-10-HDMI/proj/HSV-RGB/HSV-RGB.runs/synth_1/.Xil/Vivado-1564-DESKTOP-TM8D8VH/realtime/design_1_BTNs_test_0_2_stub.v:6]
INFO: [Synth 8-6155] done synthesizing module 'design_1_BTNs_test_0_2' (1#1) [C:/Users/User.1/Desktop/Work/Zybo-Z7-10-HDMI/proj/HSV-RGB/HSV-RGB.runs/synth_1/.Xil/Vivado-1564-DESKTOP-TM8D8VH/realtime/design_1_BTNs_test_0_2_stub.v:6]
INFO: [Synth 8-6157] synthesizing module 'design_1_PWM_0_0' [C:/Users/User.1/Desktop/Work/Zybo-Z7-10-HDMI/proj/HSV-RGB/HSV-RGB.runs/synth_1/.Xil/Vivado-1564-DESKTOP-TM8D8VH/realtime/design_1_PWM_0_0_stub.v:6]
INFO: [Synth 8-6155] done synthesizing module 'design_1_PWM_0_0' (2#1) [C:/Users/User.1/Desktop/Work/Zybo-Z7-10-HDMI/proj/HSV-RGB/HSV-RGB.runs/synth_1/.Xil/Vivado-1564-DESKTOP-TM8D8VH/realtime/design_1_PWM_0_0_stub.v:6]
INFO: [Synth 8-6157] synthesizing module 'design_1_clk_wiz_0_0' [C:/Users/User.1/Desktop/Work/Zybo-Z7-10-HDMI/proj/HSV-RGB/HSV-RGB.runs/synth_1/.Xil/Vivado-1564-DESKTOP-TM8D8VH/realtime/design_1_clk_wiz_0_0_stub.v:5]
INFO: [Synth 8-6155] done synthesizing module 'design_1_clk_wiz_0_0' (3#1) [C:/Users/User.1/Desktop/Work/Zybo-Z7-10-HDMI/proj/HSV-RGB/HSV-RGB.runs/synth_1/.Xil/Vivado-1564-DESKTOP-TM8D8VH/realtime/design_1_clk_wiz_0_0_stub.v:5]
WARNING: [Synth 8-350] instance 'clk_wiz_0' of module 'design_1_clk_wiz_0_0' requires 5 connections, but only 4 given [C:/Users/User.1/Desktop/Work/Zybo-Z7-10-HDMI/proj/HSV-RGB/HSV-RGB.srcs/sources_1/bd/design_1/synth/design_1.v:57]
INFO: [Synth 8-6157] synthesizing module 'design_1_hsv_to_rgb_0_0' [C:/Users/User.1/Desktop/Work/Zybo-Z7-10-HDMI/proj/HSV-RGB/HSV-RGB.runs/synth_1/.Xil/Vivado-1564-DESKTOP-TM8D8VH/realtime/design_1_hsv_to_rgb_0_0_stub.v:6]
INFO: [Synth 8-6155] done synthesizing module 'design_1_hsv_to_rgb_0_0' (4#1) [C:/Users/User.1/Desktop/Work/Zybo-Z7-10-HDMI/proj/HSV-RGB/HSV-RGB.runs/synth_1/.Xil/Vivado-1564-DESKTOP-TM8D8VH/realtime/design_1_hsv_to_rgb_0_0_stub.v:6]
INFO: [Synth 8-6155] done synthesizing module 'design_1' (5#1) [C:/Users/User.1/Desktop/Work/Zybo-Z7-10-HDMI/proj/HSV-RGB/HSV-RGB.srcs/sources_1/bd/design_1/synth/design_1.v:13]
INFO: [Synth 8-6155] done synthesizing module 'design_1_wrapper' (6#1) [C:/Users/User.1/Desktop/Work/Zybo-Z7-10-HDMI/proj/HSV-RGB/HSV-RGB.srcs/sources_1/bd/design_1/hdl/design_1_wrapper.v:12]
---------------------------------------------------------------------------------
Finished RTL Elaboration : Time (s): cpu = 00:00:04 ; elapsed = 00:00:05 . Memory (MB): peak = 506.859 ; gain = 147.496
---------------------------------------------------------------------------------

Report Check Netlist: 
+------+------------------+-------+---------+-------+------------------+
|      |Item              |Errors |Warnings |Status |Description       |
+------+------------------+-------+---------+-------+------------------+
|1     |multi_driven_nets |      0|        0|Passed |Multi driven nets |
+------+------------------+-------+---------+-------+------------------+
---------------------------------------------------------------------------------
Start Handling Custom Attributes
---------------------------------------------------------------------------------
---------------------------------------------------------------------------------
Finished Handling Custom Attributes : Time (s): cpu = 00:00:05 ; elapsed = 00:00:05 . Memory (MB): peak = 506.859 ; gain = 147.496
---------------------------------------------------------------------------------
---------------------------------------------------------------------------------
Finished RTL Optimization Phase 1 : Time (s): cpu = 00:00:05 ; elapsed = 00:00:05 . Memory (MB): peak = 506.859 ; gain = 147.496
---------------------------------------------------------------------------------
INFO: [Device 21-403] Loading part xc7z010clg400-1
INFO: [Project 1-570] Preparing netlist for logic optimization

Processing XDC Constraints
Initializing timing engine
Parsing XDC File [c:/Users/User.1/Desktop/Work/Zybo-Z7-10-HDMI/proj/HSV-RGB/HSV-RGB.srcs/sources_1/bd/design_1/ip/design_1_clk_wiz_0_0/design_1_clk_wiz_0_0/design_1_clk_wiz_0_0_in_context.xdc] for cell 'design_1_i/clk_wiz_0'
Finished Parsing XDC File [c:/Users/User.1/Desktop/Work/Zybo-Z7-10-HDMI/proj/HSV-RGB/HSV-RGB.srcs/sources_1/bd/design_1/ip/design_1_clk_wiz_0_0/design_1_clk_wiz_0_0/design_1_clk_wiz_0_0_in_context.xdc] for cell 'design_1_i/clk_wiz_0'
Parsing XDC File [c:/Users/User.1/Desktop/Work/Zybo-Z7-10-HDMI/proj/HSV-RGB/HSV-RGB.srcs/sources_1/bd/design_1/ip/design_1_hsv_to_rgb_0_0/design_1_hsv_to_rgb_0_0/design_1_hsv_to_rgb_0_0_in_context.xdc] for cell 'design_1_i/hsv_to_rgb_0'
Finished Parsing XDC File [c:/Users/User.1/Desktop/Work/Zybo-Z7-10-HDMI/proj/HSV-RGB/HSV-RGB.srcs/sources_1/bd/design_1/ip/design_1_hsv_to_rgb_0_0/design_1_hsv_to_rgb_0_0/design_1_hsv_to_rgb_0_0_in_context.xdc] for cell 'design_1_i/hsv_to_rgb_0'
Parsing XDC File [c:/Users/User.1/Desktop/Work/Zybo-Z7-10-HDMI/proj/HSV-RGB/HSV-RGB.srcs/sources_1/bd/design_1/ip/design_1_PWM_0_0/design_1_PWM_0_0/design_1_PWM_0_0_in_context.xdc] for cell 'design_1_i/PWM_0'
Finished Parsing XDC File [c:/Users/User.1/Desktop/Work/Zybo-Z7-10-HDMI/proj/HSV-RGB/HSV-RGB.srcs/sources_1/bd/design_1/ip/design_1_PWM_0_0/design_1_PWM_0_0/design_1_PWM_0_0_in_context.xdc] for cell 'design_1_i/PWM_0'
Parsing XDC File [c:/Users/User.1/Desktop/Work/Zybo-Z7-10-HDMI/proj/HSV-RGB/HSV-RGB.srcs/sources_1/bd/design_1/ip/design_1_BTNs_test_0_2/design_1_BTNs_test_0_2/design_1_BTNs_test_0_2_in_context.xdc] for cell 'design_1_i/BTNs_test_0'
Finished Parsing XDC File [c:/Users/User.1/Desktop/Work/Zybo-Z7-10-HDMI/proj/HSV-RGB/HSV-RGB.srcs/sources_1/bd/design_1/ip/design_1_BTNs_test_0_2/design_1_BTNs_test_0_2/design_1_BTNs_test_0_2_in_context.xdc] for cell 'design_1_i/BTNs_test_0'
Parsing XDC File [C:/Users/User.1/Desktop/Work/Zybo-Z7-10-HDMI/proj/HSV-RGB/HSV-RGB.srcs/constrs_1/new/test.xdc]
WARNING: [Vivado 12-507] No nets matched 'design_1_i/module_2_0/inst/val22__60_carry_i_6_n_0'. [C:/Users/User.1/Desktop/Work/Zybo-Z7-10-HDMI/proj/HSV-RGB/HSV-RGB.srcs/constrs_1/new/test.xdc:21]
WARNING: [Vivado 12-507] No nets matched 'design_1_i/module_2_0/inst/val22__60_carry_i_6'. [C:/Users/User.1/Desktop/Work/Zybo-Z7-10-HDMI/proj/HSV-RGB/HSV-RGB.srcs/constrs_1/new/test.xdc:22]
WARNING: [Vivado 12-507] No nets matched 'btn_IBUF[0]'. [C:/Users/User.1/Desktop/Work/Zybo-Z7-10-HDMI/proj/HSV-RGB/HSV-RGB.srcs/constrs_1/new/test.xdc:31]
WARNING: [Vivado 12-507] No nets matched 'btn_IBUF[1]'. [C:/Users/User.1/Desktop/Work/Zybo-Z7-10-HDMI/proj/HSV-RGB/HSV-RGB.srcs/constrs_1/new/test.xdc:32]
WARNING: [Vivado 12-507] No nets matched 'btn_IBUF[2]'. [C:/Users/User.1/Desktop/Work/Zybo-Z7-10-HDMI/proj/HSV-RGB/HSV-RGB.srcs/constrs_1/new/test.xdc:33]
WARNING: [Vivado 12-507] No nets matched 'sw_IBUF[0]'. [C:/Users/User.1/Desktop/Work/Zybo-Z7-10-HDMI/proj/HSV-RGB/HSV-RGB.srcs/constrs_1/new/test.xdc:39]
WARNING: [Vivado 12-507] No nets matched 'sw_IBUF[1]'. [C:/Users/User.1/Desktop/Work/Zybo-Z7-10-HDMI/proj/HSV-RGB/HSV-RGB.srcs/constrs_1/new/test.xdc:40]
WARNING: [Vivado 12-507] No nets matched 'sw_IBUF[2]'. [C:/Users/User.1/Desktop/Work/Zybo-Z7-10-HDMI/proj/HSV-RGB/HSV-RGB.srcs/constrs_1/new/test.xdc:41]
WARNING: [Vivado 12-507] No nets matched 'sw_IBUF[3]'. [C:/Users/User.1/Desktop/Work/Zybo-Z7-10-HDMI/proj/HSV-RGB/HSV-RGB.srcs/constrs_1/new/test.xdc:42]
Finished Parsing XDC File [C:/Users/User.1/Desktop/Work/Zybo-Z7-10-HDMI/proj/HSV-RGB/HSV-RGB.srcs/constrs_1/new/test.xdc]
WARNING: [Project 1-498] One or more constraints failed evaluation while reading constraint file [C:/Users/User.1/Desktop/Work/Zybo-Z7-10-HDMI/proj/HSV-RGB/HSV-RGB.srcs/constrs_1/new/test.xdc] and the design contains unresolved black boxes. These constraints will be read post-synthesis (as long as their source constraint file is marked as used_in_implementation) and should be applied correctly then. You should review the constraints listed in the file [.Xil/design_1_wrapper_propImpl.xdc] and check the run log file to verify that these constraints were correctly applied.
INFO: [Project 1-236] Implementation specific constraints were found while reading constraint file [C:/Users/User.1/Desktop/Work/Zybo-Z7-10-HDMI/proj/HSV-RGB/HSV-RGB.srcs/constrs_1/new/test.xdc]. These constraints will be ignored for synthesis but will be used in implementation. Impacted constraints are listed in the file [.Xil/design_1_wrapper_propImpl.xdc].
Resolution: To avoid this warning, move constraints listed in [.Xil/design_1_wrapper_propImpl.xdc] to another XDC file and exclude this new file from synthesis with the used_in_synthesis property (File Properties dialog in GUI) and re-run elaboration/synthesis.
Parsing XDC File [C:/Users/User.1/Desktop/Work/Zybo-Z7-10-HDMI/proj/HSV-RGB/HSV-RGB.runs/synth_1/dont_touch.xdc]
Finished Parsing XDC File [C:/Users/User.1/Desktop/Work/Zybo-Z7-10-HDMI/proj/HSV-RGB/HSV-RGB.runs/synth_1/dont_touch.xdc]
Completed Processing XDC Constraints

INFO: [Project 1-111] Unisim Transformation Summary:
No Unisim elements were transformed.

Constraint Validation Runtime : Time (s): cpu = 00:00:00 ; elapsed = 00:00:00.005 . Memory (MB): peak = 774.547 ; gain = 0.000
---------------------------------------------------------------------------------
Finished Constraint Validation : Time (s): cpu = 00:00:17 ; elapsed = 00:00:20 . Memory (MB): peak = 774.547 ; gain = 415.184
---------------------------------------------------------------------------------
---------------------------------------------------------------------------------
Start Loading Part and Timing Information
---------------------------------------------------------------------------------
Loading part: xc7z010clg400-1
---------------------------------------------------------------------------------
Finished Loading Part and Timing Information : Time (s): cpu = 00:00:17 ; elapsed = 00:00:20 . Memory (MB): peak = 774.547 ; gain = 415.184
---------------------------------------------------------------------------------
---------------------------------------------------------------------------------
Start Applying 'set_property' XDC Constraints
---------------------------------------------------------------------------------
Applied set_property IO_BUFFER_TYPE = NONE for clk_in. (constraint file  c:/Users/User.1/Desktop/Work/Zybo-Z7-10-HDMI/proj/HSV-RGB/HSV-RGB.srcs/sources_1/bd/design_1/ip/design_1_clk_wiz_0_0/design_1_clk_wiz_0_0/design_1_clk_wiz_0_0_in_context.xdc, line 4).
Applied set_property CLOCK_BUFFER_TYPE = NONE for clk_in. (constraint file  c:/Users/User.1/Desktop/Work/Zybo-Z7-10-HDMI/proj/HSV-RGB/HSV-RGB.srcs/sources_1/bd/design_1/ip/design_1_clk_wiz_0_0/design_1_clk_wiz_0_0/design_1_clk_wiz_0_0_in_context.xdc, line 5).
Applied set_property DONT_TOUCH = true for design_1_i. (constraint file  auto generated constraint, line ).
Applied set_property DONT_TOUCH = true for design_1_i/clk_wiz_0. (constraint file  auto generated constraint, line ).
Applied set_property DONT_TOUCH = true for design_1_i/hsv_to_rgb_0. (constraint file  auto generated constraint, line ).
Applied set_property DONT_TOUCH = true for design_1_i/PWM_0. (constraint file  auto generated constraint, line ).
Applied set_property DONT_TOUCH = true for design_1_i/BTNs_test_0. (constraint file  auto generated constraint, line ).
---------------------------------------------------------------------------------
Finished applying 'set_property' XDC Constraints : Time (s): cpu = 00:00:17 ; elapsed = 00:00:20 . Memory (MB): peak = 774.547 ; gain = 415.184
---------------------------------------------------------------------------------
---------------------------------------------------------------------------------
Finished RTL Optimization Phase 2 : Time (s): cpu = 00:00:17 ; elapsed = 00:00:20 . Memory (MB): peak = 774.547 ; gain = 415.184
---------------------------------------------------------------------------------

Report RTL Partitions: 
+-+--------------+------------+----------+
| |RTL Partition |Replication |Instances |
+-+--------------+------------+----------+
+-+--------------+------------+----------+
---------------------------------------------------------------------------------
Start RTL Component Statistics 
---------------------------------------------------------------------------------
Detailed RTL Component Info : 
---------------------------------------------------------------------------------
Finished RTL Component Statistics 
---------------------------------------------------------------------------------
---------------------------------------------------------------------------------
Start RTL Hierarchical Component Statistics 
---------------------------------------------------------------------------------
Hierarchical RTL Component report 
---------------------------------------------------------------------------------
Finished RTL Hierarchical Component Statistics
---------------------------------------------------------------------------------
---------------------------------------------------------------------------------
Start Part Resource Summary
---------------------------------------------------------------------------------
Part Resources:
DSPs: 80 (col length:40)
BRAMs: 120 (col length: RAMB18 40 RAMB36 20)
---------------------------------------------------------------------------------
Finished Part Resource Summary
---------------------------------------------------------------------------------
---------------------------------------------------------------------------------
Start Cross Boundary and Area Optimization
---------------------------------------------------------------------------------
Warning: Parallel synthesis criteria is not met 
---------------------------------------------------------------------------------
Finished Cross Boundary and Area Optimization : Time (s): cpu = 00:00:18 ; elapsed = 00:00:21 . Memory (MB): peak = 774.547 ; gain = 415.184
---------------------------------------------------------------------------------

Report RTL Partitions: 
+-+--------------+------------+----------+
| |RTL Partition |Replication |Instances |
+-+--------------+------------+----------+
+-+--------------+------------+----------+
---------------------------------------------------------------------------------
Start Applying XDC Timing Constraints
---------------------------------------------------------------------------------
INFO: [Synth 8-5578] Moved timing constraint from pin 'design_1_i/clk_wiz_0/clk_out1' to pin 'design_1_i/clk_wiz_0/bbstub_clk_out1/O'
INFO: [Synth 8-5578] Moved timing constraint from pin 'design_1_i/clk_wiz_0/clk_out2' to pin 'design_1_i/clk_wiz_0/bbstub_clk_out2/O'
INFO: [Synth 8-5819] Moved 2 constraints on hierarchical pins to their respective driving/loading pins
---------------------------------------------------------------------------------
Finished Applying XDC Timing Constraints : Time (s): cpu = 00:00:30 ; elapsed = 00:00:35 . Memory (MB): peak = 824.395 ; gain = 465.031
---------------------------------------------------------------------------------
---------------------------------------------------------------------------------
Start Timing Optimization
---------------------------------------------------------------------------------
---------------------------------------------------------------------------------
Finished Timing Optimization : Time (s): cpu = 00:00:30 ; elapsed = 00:00:35 . Memory (MB): peak = 824.395 ; gain = 465.031
---------------------------------------------------------------------------------

Report RTL Partitions: 
+-+--------------+------------+----------+
| |RTL Partition |Replication |Instances |
+-+--------------+------------+----------+
+-+--------------+------------+----------+
---------------------------------------------------------------------------------
Start Technology Mapping
---------------------------------------------------------------------------------
---------------------------------------------------------------------------------
Finished Technology Mapping : Time (s): cpu = 00:00:30 ; elapsed = 00:00:35 . Memory (MB): peak = 824.395 ; gain = 465.031
---------------------------------------------------------------------------------

Report RTL Partitions: 
+-+--------------+------------+----------+
| |RTL Partition |Replication |Instances |
+-+--------------+------------+----------+
+-+--------------+------------+----------+
---------------------------------------------------------------------------------
Start IO Insertion
---------------------------------------------------------------------------------
---------------------------------------------------------------------------------
Start Flattening Before IO Insertion
---------------------------------------------------------------------------------
---------------------------------------------------------------------------------
Finished Flattening Before IO Insertion
---------------------------------------------------------------------------------
---------------------------------------------------------------------------------
Start Final Netlist Cleanup
---------------------------------------------------------------------------------
---------------------------------------------------------------------------------
Finished Final Netlist Cleanup
---------------------------------------------------------------------------------
---------------------------------------------------------------------------------
Finished IO Insertion : Time (s): cpu = 00:00:31 ; elapsed = 00:00:36 . Memory (MB): peak = 825.414 ; gain = 466.051
---------------------------------------------------------------------------------

Report Check Netlist: 
+------+------------------+-------+---------+-------+------------------+
|      |Item              |Errors |Warnings |Status |Description       |
+------+------------------+-------+---------+-------+------------------+
|1     |multi_driven_nets |      0|        0|Passed |Multi driven nets |
+------+------------------+-------+---------+-------+------------------+
---------------------------------------------------------------------------------
Start Renaming Generated Instances
---------------------------------------------------------------------------------
---------------------------------------------------------------------------------
Finished Renaming Generated Instances : Time (s): cpu = 00:00:31 ; elapsed = 00:00:36 . Memory (MB): peak = 825.414 ; gain = 466.051
---------------------------------------------------------------------------------

Report RTL Partitions: 
+-+--------------+------------+----------+
| |RTL Partition |Replication |Instances |
+-+--------------+------------+----------+
+-+--------------+------------+----------+
---------------------------------------------------------------------------------
Start Rebuilding User Hierarchy
---------------------------------------------------------------------------------
---------------------------------------------------------------------------------
Finished Rebuilding User Hierarchy : Time (s): cpu = 00:00:31 ; elapsed = 00:00:36 . Memory (MB): peak = 825.414 ; gain = 466.051
---------------------------------------------------------------------------------
---------------------------------------------------------------------------------
Start Renaming Generated Ports
---------------------------------------------------------------------------------
---------------------------------------------------------------------------------
Finished Renaming Generated Ports : Time (s): cpu = 00:00:31 ; elapsed = 00:00:36 . Memory (MB): peak = 825.414 ; gain = 466.051
---------------------------------------------------------------------------------
---------------------------------------------------------------------------------
Start Handling Custom Attributes
---------------------------------------------------------------------------------
---------------------------------------------------------------------------------
Finished Handling Custom Attributes : Time (s): cpu = 00:00:31 ; elapsed = 00:00:36 . Memory (MB): peak = 825.414 ; gain = 466.051
---------------------------------------------------------------------------------
---------------------------------------------------------------------------------
Start Renaming Generated Nets
---------------------------------------------------------------------------------
---------------------------------------------------------------------------------
Finished Renaming Generated Nets : Time (s): cpu = 00:00:31 ; elapsed = 00:00:36 . Memory (MB): peak = 825.414 ; gain = 466.051
---------------------------------------------------------------------------------
---------------------------------------------------------------------------------
Start Writing Synthesis Report
---------------------------------------------------------------------------------

Report BlackBoxes: 
+------+------------------------+----------+
|      |BlackBox name           |Instances |
+------+------------------------+----------+
|1     |design_1_BTNs_test_0_2  |         1|
|2     |design_1_PWM_0_0        |         1|
|3     |design_1_clk_wiz_0_0    |         1|
|4     |design_1_hsv_to_rgb_0_0 |         1|
+------+------------------------+----------+

Report Cell Usage: 
+------+------------------------+------+
|      |Cell                    |Count |
+------+------------------------+------+
|1     |design_1_BTNs_test_0_2  |     1|
|2     |design_1_PWM_0_0        |     1|
|3     |design_1_clk_wiz_0_0    |     1|
|4     |design_1_hsv_to_rgb_0_0 |     1|
|5     |IBUF                    |     8|
|6     |OBUF                    |     3|
+------+------------------------+------+

Report Instance Areas: 
+------+-------------+---------+------+
|      |Instance     |Module   |Cells |
+------+-------------+---------+------+
|1     |top          |         |    68|
|2     |  design_1_i |design_1 |    57|
+------+-------------+---------+------+
---------------------------------------------------------------------------------
Finished Writing Synthesis Report : Time (s): cpu = 00:00:31 ; elapsed = 00:00:36 . Memory (MB): peak = 825.414 ; gain = 466.051
---------------------------------------------------------------------------------
Synthesis finished with 0 errors, 0 critical warnings and 0 warnings.
Synthesis Optimization Runtime : Time (s): cpu = 00:00:17 ; elapsed = 00:00:25 . Memory (MB): peak = 825.414 ; gain = 198.363
Synthesis Optimization Complete : Time (s): cpu = 00:00:31 ; elapsed = 00:00:36 . Memory (MB): peak = 825.414 ; gain = 466.051
INFO: [Project 1-571] Translating synthesized netlist
INFO: [Netlist 29-17] Analyzing 8 Unisim elements for replacement
INFO: [Netlist 29-28] Unisim Transformation completed in 0 CPU seconds
INFO: [Project 1-570] Preparing netlist for logic optimization
INFO: [Opt 31-138] Pushed 0 inverter(s) to 0 load pin(s).
INFO: [Project 1-111] Unisim Transformation Summary:
No Unisim elements were transformed.

INFO: [Common 17-83] Releasing license: Synthesis
30 Infos, 11 Warnings, 0 Critical Warnings and 0 Errors encountered.
synth_design completed successfully
synth_design: Time (s): cpu = 00:00:33 ; elapsed = 00:00:39 . Memory (MB): peak = 847.594 ; gain = 499.699
WARNING: [Constraints 18-5210] No constraint will be written out.
INFO: [Common 17-1381] The checkpoint 'C:/Users/User.1/Desktop/Work/Zybo-Z7-10-HDMI/proj/HSV-RGB/HSV-RGB.runs/synth_1/design_1_wrapper.dcp' has been generated.
INFO: [runtcl-4] Executing : report_utilization -file design_1_wrapper_utilization_synth.rpt -pb design_1_wrapper_utilization_synth.pb
report_utilization: Time (s): cpu = 00:00:00 ; elapsed = 00:00:00.022 . Memory (MB): peak = 847.832 ; gain = 0.000
INFO: [Common 17-206] Exiting Vivado at Thu Apr  2 11:52:40 2020...
