
*** Running vivado
    with args -log design_1_hsv_to_rgb_0_0.vds -m64 -product Vivado -mode batch -messageDb vivado.pb -notrace -source design_1_hsv_to_rgb_0_0.tcl


****** Vivado v2018.2 (64-bit)
  **** SW Build 2258646 on Thu Jun 14 20:03:12 MDT 2018
  **** IP Build 2256618 on Thu Jun 14 22:10:49 MDT 2018
    ** Copyright 1986-2018 Xilinx, Inc. All Rights Reserved.

source design_1_hsv_to_rgb_0_0.tcl -notrace
Command: synth_design -top design_1_hsv_to_rgb_0_0 -part xc7z010clg400-1 -mode out_of_context
Starting synth_design
Attempting to get a license for feature 'Synthesis' and/or device 'xc7z010'
INFO: [Common 17-349] Got license for feature 'Synthesis' and/or device 'xc7z010'
INFO: Launching helper process for spawning children vivado processes
INFO: Helper process launched with PID 7676 
---------------------------------------------------------------------------------
Starting RTL Elaboration : Time (s): cpu = 00:00:03 ; elapsed = 00:00:03 . Memory (MB): peak = 449.488 ; gain = 101.266
---------------------------------------------------------------------------------
INFO: [Synth 8-6157] synthesizing module 'design_1_hsv_to_rgb_0_0' [c:/Users/User.1/Desktop/Work/Zybo-Z7-10-HDMI/proj/HSV-RGB/HSV-RGB.srcs/sources_1/bd/design_1/ip/design_1_hsv_to_rgb_0_0/synth/design_1_hsv_to_rgb_0_0.v:58]
INFO: [Synth 8-6157] synthesizing module 'hsv_to_rgb' [C:/Users/User.1/Desktop/Work/Zybo-Z7-10-HDMI/proj/HSV-RGB/HSV-RGB.srcs/sources_1/new/hsv_to_rgb.v:23]
WARNING: [Synth 8-6014] Unused sequential element Hi_reg was removed.  [C:/Users/User.1/Desktop/Work/Zybo-Z7-10-HDMI/proj/HSV-RGB/HSV-RGB.srcs/sources_1/new/hsv_to_rgb.v:39]
WARNING: [Synth 8-6014] Unused sequential element Vmin_reg was removed.  [C:/Users/User.1/Desktop/Work/Zybo-Z7-10-HDMI/proj/HSV-RGB/HSV-RGB.srcs/sources_1/new/hsv_to_rgb.v:40]
WARNING: [Synth 8-6014] Unused sequential element a_reg was removed.  [C:/Users/User.1/Desktop/Work/Zybo-Z7-10-HDMI/proj/HSV-RGB/HSV-RGB.srcs/sources_1/new/hsv_to_rgb.v:41]
WARNING: [Synth 8-6014] Unused sequential element Vinc_reg was removed.  [C:/Users/User.1/Desktop/Work/Zybo-Z7-10-HDMI/proj/HSV-RGB/HSV-RGB.srcs/sources_1/new/hsv_to_rgb.v:42]
WARNING: [Synth 8-6014] Unused sequential element Vdec_reg was removed.  [C:/Users/User.1/Desktop/Work/Zybo-Z7-10-HDMI/proj/HSV-RGB/HSV-RGB.srcs/sources_1/new/hsv_to_rgb.v:43]
WARNING: [Synth 8-6014] Unused sequential element v_reg was removed.  [C:/Users/User.1/Desktop/Work/Zybo-Z7-10-HDMI/proj/HSV-RGB/HSV-RGB.srcs/sources_1/new/hsv_to_rgb.v:48]
INFO: [Synth 8-6155] done synthesizing module 'hsv_to_rgb' (1#1) [C:/Users/User.1/Desktop/Work/Zybo-Z7-10-HDMI/proj/HSV-RGB/HSV-RGB.srcs/sources_1/new/hsv_to_rgb.v:23]
INFO: [Synth 8-6155] done synthesizing module 'design_1_hsv_to_rgb_0_0' (2#1) [c:/Users/User.1/Desktop/Work/Zybo-Z7-10-HDMI/proj/HSV-RGB/HSV-RGB.srcs/sources_1/bd/design_1/ip/design_1_hsv_to_rgb_0_0/synth/design_1_hsv_to_rgb_0_0.v:58]
---------------------------------------------------------------------------------
Finished RTL Elaboration : Time (s): cpu = 00:00:04 ; elapsed = 00:00:04 . Memory (MB): peak = 503.938 ; gain = 155.715
---------------------------------------------------------------------------------

Report Check Netlist: 
+------+------------------+-------+---------+-------+------------------+
|      |Item              |Errors |Warnings |Status |Description       |
+------+------------------+-------+---------+-------+------------------+
|1     |multi_driven_nets |      0|        0|Passed |Multi driven nets |
+------+------------------+-------+---------+-------+------------------+
---------------------------------------------------------------------------------
Start Handling Custom Attributes
---------------------------------------------------------------------------------
---------------------------------------------------------------------------------
Finished Handling Custom Attributes : Time (s): cpu = 00:00:04 ; elapsed = 00:00:05 . Memory (MB): peak = 503.938 ; gain = 155.715
---------------------------------------------------------------------------------
---------------------------------------------------------------------------------
Finished RTL Optimization Phase 1 : Time (s): cpu = 00:00:04 ; elapsed = 00:00:05 . Memory (MB): peak = 503.938 ; gain = 155.715
---------------------------------------------------------------------------------
INFO: [Device 21-403] Loading part xc7z010clg400-1
INFO: [Project 1-570] Preparing netlist for logic optimization

Processing XDC Constraints
Initializing timing engine
Completed Processing XDC Constraints

INFO: [Project 1-111] Unisim Transformation Summary:
No Unisim elements were transformed.

WARNING: [Constraints 18-5210] No constraint will be written out.
Constraint Validation Runtime : Time (s): cpu = 00:00:00 ; elapsed = 00:00:00.085 . Memory (MB): peak = 816.723 ; gain = 2.277
---------------------------------------------------------------------------------
Finished Constraint Validation : Time (s): cpu = 00:00:15 ; elapsed = 00:00:19 . Memory (MB): peak = 816.723 ; gain = 468.500
---------------------------------------------------------------------------------
---------------------------------------------------------------------------------
Start Loading Part and Timing Information
---------------------------------------------------------------------------------
Loading part: xc7z010clg400-1
---------------------------------------------------------------------------------
Finished Loading Part and Timing Information : Time (s): cpu = 00:00:15 ; elapsed = 00:00:19 . Memory (MB): peak = 816.723 ; gain = 468.500
---------------------------------------------------------------------------------
---------------------------------------------------------------------------------
Start Applying 'set_property' XDC Constraints
---------------------------------------------------------------------------------
---------------------------------------------------------------------------------
Finished applying 'set_property' XDC Constraints : Time (s): cpu = 00:00:15 ; elapsed = 00:00:19 . Memory (MB): peak = 816.723 ; gain = 468.500
---------------------------------------------------------------------------------
---------------------------------------------------------------------------------
Finished RTL Optimization Phase 2 : Time (s): cpu = 00:00:16 ; elapsed = 00:00:19 . Memory (MB): peak = 816.723 ; gain = 468.500
---------------------------------------------------------------------------------

Report RTL Partitions: 
+-+--------------+------------+----------+
| |RTL Partition |Replication |Instances |
+-+--------------+------------+----------+
+-+--------------+------------+----------+
---------------------------------------------------------------------------------
Start RTL Component Statistics 
---------------------------------------------------------------------------------
Detailed RTL Component Info : 
+---Adders : 
	   2 Input     32 Bit       Adders := 4     
	   3 Input     32 Bit       Adders := 1     
	   2 Input     29 Bit       Adders := 1     
	   3 Input     28 Bit       Adders := 1     
	   2 Input      8 Bit       Adders := 3     
+---Registers : 
	                8 Bit    Registers := 3     
+---Multipliers : 
	                 9x32  Multipliers := 1     
	                 6x32  Multipliers := 1     
	                 9x28  Multipliers := 1     
	                 9x27  Multipliers := 1     
	                 9x29  Multipliers := 1     
+---Muxes : 
	   2 Input     32 Bit        Muxes := 3     
	   2 Input      8 Bit        Muxes := 3     
---------------------------------------------------------------------------------
Finished RTL Component Statistics 
---------------------------------------------------------------------------------
---------------------------------------------------------------------------------
Start RTL Hierarchical Component Statistics 
---------------------------------------------------------------------------------
Hierarchical RTL Component report 
Module hsv_to_rgb 
Detailed RTL Component Info : 
+---Adders : 
	   2 Input     32 Bit       Adders := 4     
	   3 Input     32 Bit       Adders := 1     
	   2 Input     29 Bit       Adders := 1     
	   3 Input     28 Bit       Adders := 1     
	   2 Input      8 Bit       Adders := 3     
+---Registers : 
	                8 Bit    Registers := 3     
+---Multipliers : 
	                 9x32  Multipliers := 1     
	                 6x32  Multipliers := 1     
	                 9x28  Multipliers := 1     
	                 9x27  Multipliers := 1     
	                 9x29  Multipliers := 1     
+---Muxes : 
	   2 Input     32 Bit        Muxes := 3     
	   2 Input      8 Bit        Muxes := 3     
---------------------------------------------------------------------------------
Finished RTL Hierarchical Component Statistics
---------------------------------------------------------------------------------
---------------------------------------------------------------------------------
Start Part Resource Summary
---------------------------------------------------------------------------------
Part Resources:
DSPs: 80 (col length:40)
BRAMs: 120 (col length: RAMB18 40 RAMB36 20)
---------------------------------------------------------------------------------
Finished Part Resource Summary
---------------------------------------------------------------------------------
---------------------------------------------------------------------------------
Start Cross Boundary and Area Optimization
---------------------------------------------------------------------------------
Warning: Parallel synthesis criteria is not met 
INFO: [Synth 8-5845] Not enough pipeline registers after wide multiplier. Recommended levels of pipeline registers is 2 [C:/Users/User.1/Desktop/Work/Zybo-Z7-10-HDMI/proj/HSV-RGB/HSV-RGB.srcs/sources_1/new/hsv_to_rgb.v:40]
INFO: [Synth 8-5845] Not enough pipeline registers after wide multiplier. Recommended levels of pipeline registers is 2 [C:/Users/User.1/Desktop/Work/Zybo-Z7-10-HDMI/proj/HSV-RGB/HSV-RGB.srcs/sources_1/new/hsv_to_rgb.v:41]
DSP Report: Generating DSP R6, operation Mode is: A*B.
DSP Report: operator R6 is absorbed into DSP R6.
DSP Report: operator R6 is absorbed into DSP R6.
DSP Report: Generating DSP R6, operation Mode is: (PCIN>>17)+A*B.
DSP Report: operator R6 is absorbed into DSP R6.
DSP Report: operator R6 is absorbed into DSP R6.
DSP Report: Generating DSP R6, operation Mode is: A*B.
DSP Report: operator R6 is absorbed into DSP R6.
DSP Report: operator R6 is absorbed into DSP R6.
DSP Report: Generating DSP R6, operation Mode is: (PCIN>>17)+A*B.
DSP Report: operator R6 is absorbed into DSP R6.
DSP Report: operator R6 is absorbed into DSP R6.
---------------------------------------------------------------------------------
Finished Cross Boundary and Area Optimization : Time (s): cpu = 00:00:25 ; elapsed = 00:00:28 . Memory (MB): peak = 816.723 ; gain = 468.500
---------------------------------------------------------------------------------
---------------------------------------------------------------------------------
Start ROM, RAM, DSP and Shift Register Reporting
---------------------------------------------------------------------------------

DSP: Preliminary Mapping  Report (see note below)
+------------+----------------+--------+--------+--------+--------+--------+------+------+------+------+-------+------+------+
|Module Name | DSP Mapping    | A Size | B Size | C Size | D Size | P Size | AREG | BREG | CREG | DREG | ADREG | MREG | PREG | 
+------------+----------------+--------+--------+--------+--------+--------+------+------+------+------+-------+------+------+
|hsv_to_rgb  | A*B            | 18     | 10     | -      | -      | 48     | 0    | 0    | -    | -    | -     | 0    | 0    | 
|hsv_to_rgb  | (PCIN>>17)+A*B | 16     | 10     | -      | -      | 48     | 0    | 0    | -    | -    | -     | 0    | 0    | 
|hsv_to_rgb  | A*B            | 18     | 7      | -      | -      | 48     | 0    | 0    | -    | -    | -     | 0    | 0    | 
|hsv_to_rgb  | (PCIN>>17)+A*B | 16     | 7      | -      | -      | 48     | 0    | 0    | -    | -    | -     | 0    | 0    | 
+------------+----------------+--------+--------+--------+--------+--------+------+------+------+------+-------+------+------+

Note: The table above is a preliminary report that shows the DSPs inferred at the current stage of the synthesis flow. Some DSP may be reimplemented as non DSP primitives later in the synthesis flow. Multiple instantiated DSPs are reported only once.
---------------------------------------------------------------------------------
Finished ROM, RAM, DSP and Shift Register Reporting
---------------------------------------------------------------------------------

Report RTL Partitions: 
+-+--------------+------------+----------+
| |RTL Partition |Replication |Instances |
+-+--------------+------------+----------+
+-+--------------+------------+----------+
---------------------------------------------------------------------------------
Start Applying XDC Timing Constraints
---------------------------------------------------------------------------------
---------------------------------------------------------------------------------
Finished Applying XDC Timing Constraints : Time (s): cpu = 00:00:42 ; elapsed = 00:00:48 . Memory (MB): peak = 889.668 ; gain = 541.445
---------------------------------------------------------------------------------
---------------------------------------------------------------------------------
Start Timing Optimization
---------------------------------------------------------------------------------
---------------------------------------------------------------------------------
Finished Timing Optimization : Time (s): cpu = 00:00:43 ; elapsed = 00:00:48 . Memory (MB): peak = 892.805 ; gain = 544.582
---------------------------------------------------------------------------------

Report RTL Partitions: 
+-+--------------+------------+----------+
| |RTL Partition |Replication |Instances |
+-+--------------+------------+----------+
+-+--------------+------------+----------+
---------------------------------------------------------------------------------
Start Technology Mapping
---------------------------------------------------------------------------------
---------------------------------------------------------------------------------
Finished Technology Mapping : Time (s): cpu = 00:00:45 ; elapsed = 00:00:51 . Memory (MB): peak = 1029.703 ; gain = 681.480
---------------------------------------------------------------------------------

Report RTL Partitions: 
+-+--------------+------------+----------+
| |RTL Partition |Replication |Instances |
+-+--------------+------------+----------+
+-+--------------+------------+----------+
---------------------------------------------------------------------------------
Start IO Insertion
---------------------------------------------------------------------------------
---------------------------------------------------------------------------------
Start Flattening Before IO Insertion
---------------------------------------------------------------------------------
---------------------------------------------------------------------------------
Finished Flattening Before IO Insertion
---------------------------------------------------------------------------------
---------------------------------------------------------------------------------
Start Final Netlist Cleanup
---------------------------------------------------------------------------------
---------------------------------------------------------------------------------
Finished Final Netlist Cleanup
---------------------------------------------------------------------------------
---------------------------------------------------------------------------------
Finished IO Insertion : Time (s): cpu = 00:00:46 ; elapsed = 00:00:52 . Memory (MB): peak = 1029.703 ; gain = 681.480
---------------------------------------------------------------------------------

Report Check Netlist: 
+------+------------------+-------+---------+-------+------------------+
|      |Item              |Errors |Warnings |Status |Description       |
+------+------------------+-------+---------+-------+------------------+
|1     |multi_driven_nets |      0|        0|Passed |Multi driven nets |
+------+------------------+-------+---------+-------+------------------+
---------------------------------------------------------------------------------
Start Renaming Generated Instances
---------------------------------------------------------------------------------
---------------------------------------------------------------------------------
Finished Renaming Generated Instances : Time (s): cpu = 00:00:47 ; elapsed = 00:00:52 . Memory (MB): peak = 1029.703 ; gain = 681.480
---------------------------------------------------------------------------------

Report RTL Partitions: 
+-+--------------+------------+----------+
| |RTL Partition |Replication |Instances |
+-+--------------+------------+----------+
+-+--------------+------------+----------+
---------------------------------------------------------------------------------
Start Rebuilding User Hierarchy
---------------------------------------------------------------------------------
---------------------------------------------------------------------------------
Finished Rebuilding User Hierarchy : Time (s): cpu = 00:00:47 ; elapsed = 00:00:52 . Memory (MB): peak = 1029.703 ; gain = 681.480
---------------------------------------------------------------------------------
---------------------------------------------------------------------------------
Start Renaming Generated Ports
---------------------------------------------------------------------------------
---------------------------------------------------------------------------------
Finished Renaming Generated Ports : Time (s): cpu = 00:00:47 ; elapsed = 00:00:52 . Memory (MB): peak = 1029.703 ; gain = 681.480
---------------------------------------------------------------------------------
---------------------------------------------------------------------------------
Start Handling Custom Attributes
---------------------------------------------------------------------------------
---------------------------------------------------------------------------------
Finished Handling Custom Attributes : Time (s): cpu = 00:00:47 ; elapsed = 00:00:52 . Memory (MB): peak = 1029.703 ; gain = 681.480
---------------------------------------------------------------------------------
---------------------------------------------------------------------------------
Start Renaming Generated Nets
---------------------------------------------------------------------------------
---------------------------------------------------------------------------------
Finished Renaming Generated Nets : Time (s): cpu = 00:00:47 ; elapsed = 00:00:52 . Memory (MB): peak = 1029.703 ; gain = 681.480
---------------------------------------------------------------------------------
---------------------------------------------------------------------------------
Start Writing Synthesis Report
---------------------------------------------------------------------------------

Report BlackBoxes: 
+-+--------------+----------+
| |BlackBox name |Instances |
+-+--------------+----------+
+-+--------------+----------+

Report Cell Usage: 
+------+--------+------+
|      |Cell    |Count |
+------+--------+------+
|1     |CARRY4  |   505|
|2     |DSP48E1 |     4|
|3     |LUT1    |   156|
|4     |LUT2    |   440|
|5     |LUT3    |   688|
|6     |LUT4    |   460|
|7     |LUT5    |   627|
|8     |LUT6    |  1016|
|9     |FDRE    |    24|
+------+--------+------+

Report Instance Areas: 
+------+---------+-----------+------+
|      |Instance |Module     |Cells |
+------+---------+-----------+------+
|1     |top      |           |  3920|
|2     |  inst   |hsv_to_rgb |  3730|
+------+---------+-----------+------+
---------------------------------------------------------------------------------
Finished Writing Synthesis Report : Time (s): cpu = 00:00:47 ; elapsed = 00:00:52 . Memory (MB): peak = 1029.703 ; gain = 681.480
---------------------------------------------------------------------------------
Synthesis finished with 0 errors, 0 critical warnings and 0 warnings.
Synthesis Optimization Runtime : Time (s): cpu = 00:00:34 ; elapsed = 00:00:41 . Memory (MB): peak = 1029.703 ; gain = 368.695
Synthesis Optimization Complete : Time (s): cpu = 00:00:47 ; elapsed = 00:00:53 . Memory (MB): peak = 1029.703 ; gain = 681.480
INFO: [Project 1-571] Translating synthesized netlist
INFO: [Netlist 29-17] Analyzing 509 Unisim elements for replacement
INFO: [Netlist 29-28] Unisim Transformation completed in 0 CPU seconds
WARNING: [Netlist 29-101] Netlist 'design_1_hsv_to_rgb_0_0' is not ideal for floorplanning, since the cellview 'hsv_to_rgb' contains a large number of primitives.  Please consider enabling hierarchy in synthesis if you want to do floorplanning.
INFO: [Project 1-570] Preparing netlist for logic optimization
INFO: [Opt 31-138] Pushed 0 inverter(s) to 0 load pin(s).
INFO: [Project 1-111] Unisim Transformation Summary:
No Unisim elements were transformed.

INFO: [Common 17-83] Releasing license: Synthesis
17 Infos, 8 Warnings, 0 Critical Warnings and 0 Errors encountered.
synth_design completed successfully
synth_design: Time (s): cpu = 00:00:50 ; elapsed = 00:00:56 . Memory (MB): peak = 1029.703 ; gain = 694.344
WARNING: [Constraints 18-5210] No constraint will be written out.
INFO: [Common 17-1381] The checkpoint 'C:/Users/User.1/Desktop/Work/Zybo-Z7-10-HDMI/proj/HSV-RGB/HSV-RGB.runs/design_1_hsv_to_rgb_0_0_synth_1/design_1_hsv_to_rgb_0_0.dcp' has been generated.
WARNING: [Constraints 18-5210] No constraint will be written out.
INFO: [Common 17-1381] The checkpoint 'C:/Users/User.1/Desktop/Work/Zybo-Z7-10-HDMI/proj/HSV-RGB/HSV-RGB.runs/design_1_hsv_to_rgb_0_0_synth_1/design_1_hsv_to_rgb_0_0.dcp' has been generated.
INFO: [runtcl-4] Executing : report_utilization -file design_1_hsv_to_rgb_0_0_utilization_synth.rpt -pb design_1_hsv_to_rgb_0_0_utilization_synth.pb
report_utilization: Time (s): cpu = 00:00:00 ; elapsed = 00:00:00.045 . Memory (MB): peak = 1029.703 ; gain = 0.000
INFO: [Common 17-206] Exiting Vivado at Tue Mar 31 15:04:43 2020...
