INFO: [VRFC 10-2263] Analyzing Verilog file "C:/Users/User.1/Desktop/Work/Zybo-Z7-10-HDMI/proj/HSV-RGB/HSV-RGB.srcs/sources_1/new/hsv_to_rgb.v" into library xil_defaultlib
INFO: [VRFC 10-311] analyzing module hsv_to_rgb
INFO: [VRFC 10-2263] Analyzing Verilog file "C:/Users/User.1/Desktop/Work/Zybo-Z7-10-HDMI/proj/HSV-RGB/HSV-RGB.srcs/sources_1/new/PWM.v" into library xil_defaultlib
INFO: [VRFC 10-311] analyzing module PWM
INFO: [VRFC 10-2263] Analyzing Verilog file "C:/Users/User.1/Desktop/Work/Zybo-Z7-10-HDMI/proj/HSV-RGB/HSV-RGB.srcs/sources_1/new/BTNs_test.v" into library xil_defaultlib
INFO: [VRFC 10-311] analyzing module BTNs_test
INFO: [VRFC 10-2263] Analyzing Verilog file "C:/Users/User.1/Desktop/Work/Zybo-Z7-10-HDMI/proj/HSV-RGB/HSV-RGB.ip_user_files/bd/design_1/ip/design_1_clk_wiz_0_0/design_1_clk_wiz_0_0_clk_wiz.v" into library xil_defaultlib
INFO: [VRFC 10-311] analyzing module design_1_clk_wiz_0_0_clk_wiz
INFO: [VRFC 10-2263] Analyzing Verilog file "C:/Users/User.1/Desktop/Work/Zybo-Z7-10-HDMI/proj/HSV-RGB/HSV-RGB.ip_user_files/bd/design_1/ip/design_1_clk_wiz_0_0/design_1_clk_wiz_0_0.v" into library xil_defaultlib
INFO: [VRFC 10-311] analyzing module design_1_clk_wiz_0_0
INFO: [VRFC 10-2263] Analyzing Verilog file "C:/Users/User.1/Desktop/Work/Zybo-Z7-10-HDMI/proj/HSV-RGB/HSV-RGB.ip_user_files/bd/design_1/ip/design_1_hsv_to_rgb_0_0/sim/design_1_hsv_to_rgb_0_0.v" into library xil_defaultlib
INFO: [VRFC 10-311] analyzing module design_1_hsv_to_rgb_0_0
INFO: [VRFC 10-2263] Analyzing Verilog file "C:/Users/User.1/Desktop/Work/Zybo-Z7-10-HDMI/proj/HSV-RGB/HSV-RGB.ip_user_files/bd/design_1/ip/design_1_PWM_0_0/sim/design_1_PWM_0_0.v" into library xil_defaultlib
INFO: [VRFC 10-311] analyzing module design_1_PWM_0_0
INFO: [VRFC 10-2263] Analyzing Verilog file "C:/Users/User.1/Desktop/Work/Zybo-Z7-10-HDMI/proj/HSV-RGB/HSV-RGB.ip_user_files/bd/design_1/sim/design_1.v" into library xil_defaultlib
INFO: [VRFC 10-311] analyzing module design_1
INFO: [VRFC 10-2263] Analyzing Verilog file "C:/Users/User.1/Desktop/Work/Zybo-Z7-10-HDMI/proj/HSV-RGB/HSV-RGB.ip_user_files/bd/design_1/ip/design_1_BTNs_test_0_2/sim/design_1_BTNs_test_0_2.v" into library xil_defaultlib
INFO: [VRFC 10-311] analyzing module design_1_BTNs_test_0_2
INFO: [VRFC 10-2263] Analyzing Verilog file "C:/Users/User.1/Desktop/Work/Zybo-Z7-10-HDMI/proj/HSV-RGB/HSV-RGB.srcs/sources_1/bd/design_1/hdl/design_1_wrapper.v" into library xil_defaultlib
INFO: [VRFC 10-311] analyzing module design_1_wrapper
INFO: [VRFC 10-2263] Analyzing Verilog file "C:/Users/User.1/Desktop/Work/Zybo-Z7-10-HDMI/proj/HSV-RGB/HSV-RGB.srcs/sim_1/new/sim.v" into library xil_defaultlib
INFO: [VRFC 10-311] analyzing module sim
